# JRE version: OpenJDK Runtime Environment (8.0_152-b06) (build 1.8.0_152-release-1136-b06)
# Java VM: OpenJDK 64-Bit Server VM (25.152-b06 mixed mode linux-amd64 compressed oops)
Heap:
 PSYoungGen      total 316416K, used 63458K [0x00000000e0000000, 0x00000000fc280000, 0x0000000100000000)
  eden space 252928K, 0% used [0x00000000e0000000,0x00000000e0000000,0x00000000ef700000)
  from space 63488K, 99% used [0x00000000f8480000,0x00000000fc278990,0x00000000fc280000)
  to   space 58880K, 0% used [0x00000000ef700000,0x00000000ef700000,0x00000000f3080000)
 ParOldGen       total 256000K, used 164209K [0x00000000a0000000, 0x00000000afa00000, 0x00000000e0000000)
  object space 256000K, 64% used [0x00000000a0000000,0x00000000aa05c648,0x00000000afa00000)
 Metaspace       used 73386K, capacity 76198K, committed 76544K, reserved 1116160K
  class space    used 9762K, capacity 10389K, committed 10496K, reserved 1048576K
GC Heap History (10 events):
Event: 23.175 GC heap after
Heap after GC invocations=15 (full 3):
 PSYoungGen      total 239104K, used 15889K [0x00000000e0000000, 0x00000000f0b80000, 0x0000000100000000)
  eden space 222720K, 0% used [0x00000000e0000000,0x00000000e0000000,0x00000000ed980000)
  from space 16384K, 96% used [0x00000000efb80000,0x00000000f0b04718,0x00000000f0b80000)
  to   space 25088K, 0% used [0x00000000eda80000,0x00000000eda80000,0x00000000ef300000)
 ParOldGen       total 134144K, used 41624K [0x00000000a0000000, 0x00000000a8300000, 0x00000000e0000000)
  object space 134144K, 31% used [0x00000000a0000000,0x00000000a28a6370,0x00000000a8300000)
 Metaspace       used 64009K, capacity 66182K, committed 66304K, reserved 1105920K
  class space    used 8674K, capacity 9197K, committed 9216K, reserved 1048576K
}
Event: 25.761 GC heap before
{Heap before GC invocations=16 (full 3):
 PSYoungGen      total 239104K, used 238609K [0x00000000e0000000, 0x00000000f0b80000, 0x0000000100000000)
  eden space 222720K, 100% used [0x00000000e0000000,0x00000000ed980000,0x00000000ed980000)
  from space 16384K, 96% used [0x00000000efb80000,0x00000000f0b04718,0x00000000f0b80000)
  to   space 25088K, 0% used [0x00000000eda80000,0x00000000eda80000,0x00000000ef300000)
 ParOldGen       total 134144K, used 41624K [0x00000000a0000000, 0x00000000a8300000, 0x00000000e0000000)
  object space 134144K, 31% used [0x00000000a0000000,0x00000000a28a6370,0x00000000a8300000)
 Metaspace       used 72274K, capacity 75098K, committed 75392K, reserved 1114112K
  class space    used 9679K, capacity 10329K, committed 10368K, reserved 1048576K
Event: 25.815 GC heap after
Heap after GC invocations=16 (full 3):
 PSYoungGen      total 248832K, used 25082K [0x00000000e0000000, 0x00000000f4f00000, 0x0000000100000000)
  eden space 223744K, 0% used [0x00000000e0000000,0x00000000e0000000,0x00000000eda80000)
  from space 25088K, 99% used [0x00000000eda80000,0x00000000ef2fe8d0,0x00000000ef300000)
  to   space 31232K, 0% used [0x00000000f3080000,0x00000000f3080000,0x00000000f4f00000)
 ParOldGen       total 134144K, used 48895K [0x00000000a0000000, 0x00000000a8300000, 0x00000000e0000000)
  object space 134144K, 36% used [0x00000000a0000000,0x00000000a2fbfce8,0x00000000a8300000)
 Metaspace       used 72274K, capacity 75098K, committed 75392K, reserved 1114112K
  class space    used 9679K, capacity 10329K, committed 10368K, reserved 1048576K
}
Event: 26.827 GC heap before
{Heap before GC invocations=17 (full 3):
 PSYoungGen      total 248832K, used 248826K [0x00000000e0000000, 0x00000000f4f00000, 0x0000000100000000)
  eden space 223744K, 100% used [0x00000000e0000000,0x00000000eda80000,0x00000000eda80000)
  from space 25088K, 99% used [0x00000000eda80000,0x00000000ef2fe8d0,0x00000000ef300000)
  to   space 31232K, 0% used [0x00000000f3080000,0x00000000f3080000,0x00000000f4f00000)
 ParOldGen       total 134144K, used 48895K [0x00000000a0000000, 0x00000000a8300000, 0x00000000e0000000)
  object space 134144K, 36% used [0x00000000a0000000,0x00000000a2fbfce8,0x00000000a8300000)
 Metaspace       used 73234K, capacity 76080K, committed 76288K, reserved 1116160K
  class space    used 9789K, capacity 10446K, committed 10496K, reserved 1048576K
Event: 27.030 GC heap after
Heap after GC invocations=17 (full 3):
 PSYoungGen      total 284160K, used 31205K [0x00000000e0000000, 0x00000000fa400000, 0x0000000100000000)
  eden space 252928K, 0% used [0x00000000e0000000,0x00000000e0000000,0x00000000ef700000)
  from space 31232K, 99% used [0x00000000f3080000,0x00000000f4ef9648,0x00000000f4f00000)
  to   space 58880K, 0% used [0x00000000ef700000,0x00000000ef700000,0x00000000f3080000)
 ParOldGen       total 134144K, used 110584K [0x00000000a0000000, 0x00000000a8300000, 0x00000000e0000000)
  object space 134144K, 82% used [0x00000000a0000000,0x00000000a6bfe1a0,0x00000000a8300000)
 Metaspace       used 73234K, capacity 76080K, committed 76288K, reserved 1116160K
  class space    used 9789K, capacity 10446K, committed 10496K, reserved 1048576K
}
Event: 27.032 GC heap before
{Heap before GC invocations=18 (full 4):
 PSYoungGen      total 284160K, used 31205K [0x00000000e0000000, 0x00000000fa400000, 0x0000000100000000)
  eden space 252928K, 0% used [0x00000000e0000000,0x00000000e0000000,0x00000000ef700000)
  from space 31232K, 99% used [0x00000000f3080000,0x00000000f4ef9648,0x00000000f4f00000)
  to   space 58880K, 0% used [0x00000000ef700000,0x00000000ef700000,0x00000000f3080000)
 ParOldGen       total 134144K, used 110584K [0x00000000a0000000, 0x00000000a8300000, 0x00000000e0000000)
  object space 134144K, 82% used [0x00000000a0000000,0x00000000a6bfe1a0,0x00000000a8300000)
 Metaspace       used 73234K, capacity 76080K, committed 76288K, reserved 1116160K
  class space    used 9789K, capacity 10446K, committed 10496K, reserved 1048576K
Event: 27.653 GC heap after
Heap after GC invocations=18 (full 4):
 PSYoungGen      total 284160K, used 0K [0x00000000e0000000, 0x00000000fa400000, 0x0000000100000000)
  eden space 252928K, 0% used [0x00000000e0000000,0x00000000e0000000,0x00000000ef700000)
  from space 31232K, 0% used [0x00000000f3080000,0x00000000f3080000,0x00000000f4f00000)
  to   space 58880K, 0% used [0x00000000ef700000,0x00000000ef700000,0x00000000f3080000)
 ParOldGen       total 256000K, used 120437K [0x00000000a0000000, 0x00000000afa00000, 0x00000000e0000000)
  object space 256000K, 47% used [0x00000000a0000000,0x00000000a759d688,0x00000000afa00000)
 Metaspace       used 73124K, capacity 75808K, committed 76288K, reserved 1116160K
  class space    used 9749K, capacity 10378K, committed 10496K, reserved 1048576K
}
Event: 29.728 GC heap before
{Heap before GC invocations=19 (full 4):
 PSYoungGen      total 284160K, used 252928K [0x00000000e0000000, 0x00000000fa400000, 0x0000000100000000)
  eden space 252928K, 100% used [0x00000000e0000000,0x00000000ef700000,0x00000000ef700000)
  from space 31232K, 0% used [0x00000000f3080000,0x00000000f3080000,0x00000000f4f00000)
  to   space 58880K, 0% used [0x00000000ef700000,0x00000000ef700000,0x00000000f3080000)
 ParOldGen       total 256000K, used 120437K [0x00000000a0000000, 0x00000000afa00000, 0x00000000e0000000)
  object space 256000K, 47% used [0x00000000a0000000,0x00000000a759d688,0x00000000afa00000)
 Metaspace       used 73350K, capacity 76130K, committed 76544K, reserved 1116160K
  class space    used 9762K, capacity 10389K, committed 10496K, reserved 1048576K
Event: 29.767 GC heap after
Heap after GC invocations=19 (full 4):
 PSYoungGen      total 311808K, used 43759K [0x00000000e0000000, 0x00000000fc280000, 0x0000000100000000)
  eden space 252928K, 0% used [0x00000000e0000000,0x00000000e0000000,0x00000000ef700000)
  from space 58880K, 74% used [0x00000000ef700000,0x00000000f21bbec0,0x00000000f3080000)
  to   space 63488K, 0% used [0x00000000f8480000,0x00000000f8480000,0x00000000fc280000)
 ParOldGen       total 256000K, used 120445K [0x00000000a0000000, 0x00000000afa00000, 0x00000000e0000000)
  object space 256000K, 47% used [0x00000000a0000000,0x00000000a759f688,0x00000000afa00000)
 Metaspace       used 73350K, capacity 76130K, committed 76544K, reserved 1116160K
  class space    used 9762K, capacity 10389K, committed 10496K, reserved 1048576K
}
Event: 31.641 GC heap before
{Heap before GC invocations=20 (full 4):
 PSYoungGen      total 311808K, used 293550K [0x00000000e0000000, 0x00000000fc280000, 0x0000000100000000)
  eden space 252928K, 98% used [0x00000000e0000000,0x00000000ef3efc58,0x00000000ef700000)
  from space 58880K, 74% used [0x00000000ef700000,0x00000000f21bbec0,0x00000000f3080000)
  to   space 63488K, 0% used [0x00000000f8480000,0x00000000f8480000,0x00000000fc280000)
 ParOldGen       total 256000K, used 120445K [0x00000000a0000000, 0x00000000afa00000, 0x00000000e0000000)
  object space 256000K, 47% used [0x00000000a0000000,0x00000000a759f688,0x00000000afa00000)
 Metaspace       used 73386K, capacity 76198K, committed 76544K, reserved 1116160K
  class space    used 9762K, capacity 10389K, committed 10496K, reserved 1048576K

